%!Adobe-FontList 1.24
%Locale:0x409

%BeginFont
Handler:DirectoryHandler
FontType:Type1
FontName:ABCDiatype-Bold
FamilyName:ABC Diatype
StyleName:Bold
MenuName:ABC Diatype
StyleBits:2
WeightClass:700
WidthClass:5
AngleClass:0
FullName:ABC Diatype Bold
WritingScript:Roman
OutlineFileName:/Users/jaouenmokrane/Desktop/Webster/site/media/assemblage/Document fonts/ABCDiatype-Bold.otf
DataFormat:sfntData
UsesStandardEncoding:yes
isCFF:yes
hasSVG:no
hasSBIX:no
hasCOLR:no
VariableFontType:NonVariableFont
FileLength:115996
FileModTime:642332644
NameArray:0,Mac,4,ABC Diatype Bold
NameArray:0,Win,1,ABC Diatype
%EndFont

%BeginFont
Handler:DirectoryHandler
FontType:Invalid
OutlineFileName:/Users/jaouenmokrane/Desktop/Webster/site/media/assemblage/Document fonts/AdobeFnt24.lst
FileLength:617
FileModTime:726508665
%EndFont

